Log file open, 10/23/20 19:17:44
LogWindows: Failed to load 'aqProf.dll' (GetLastError=126)
LogWindows: File 'aqProf.dll' does not exist
LogWindows: Failed to load 'VtuneApi.dll' (GetLastError=126)
LogWindows: File 'VtuneApi.dll' does not exist
LogWindows: Failed to load 'VtuneApi32e.dll' (GetLastError=126)
LogWindows: File 'VtuneApi32e.dll' does not exist
LogInit: Display: Running engine for game: MuseoVirtualUdem
LogPlatformFile: Not using cached read wrapper
LogInit: Display: RandInit(-574649819) SRandInit(-574649819).
LogInit: Read version file with build ID '3709383'
LogInit: Overriding engine version to CL 3832480, compatible CL 3709383
LogInit: Registered custom module enumerator with build ID '3709383'
LogTaskGraph: Started task graph with 5 named threads and 14 total threads with 3 sets of task threads.
LogStats: Stats thread started at 0.229883
LogD3D11RHI: Aftermath initialized
LogModuleManager: Display: Found up-to-date module file ../../../Engine/Plugins/Marketplace/GameSparks/Binaries/Win64/UE4Editor-GameSparks.dll (API version 3709383).
LogModuleManager: Display: Found up-to-date module file ../../../Engine/Plugins/Marketplace/GameSparks/Binaries/Win64/UE4Editor-OnlineSubsystemGameSparks.dll (API version 3709383).
LogModuleManager: Display: Found up-to-date module file ../../../Engine/Plugins/Online/OnlineSubsystem/Binaries/Win64/UE4Editor-OnlineSubsystem.dll (API version 3709383).
LogModuleManager: Display: Found up-to-date module file ../../../Engine/Plugins/Online/OnlineSubsystemUtils/Binaries/Win64/UE4Editor-OnlineSubsystemUtils.dll (API version 3709383).
LogModuleManager: Display: Found up-to-date module file ../../../Engine/Plugins/Online/OnlineSubsystemUtils/Binaries/Win64/UE4Editor-OnlineBlueprintSupport.dll (API version 3709383).
LogModuleManager: Display: Found up-to-date module file ../../../Engine/Plugins/2D/Paper2D/Binaries/Win64/UE4Editor-Paper2D.dll (API version 3709383).
LogModuleManager: Display: Found up-to-date module file ../../../Engine/Plugins/2D/Paper2D/Binaries/Win64/UE4Editor-Paper2DEditor.dll (API version 3709383).
LogModuleManager: Display: Found up-to-date module file ../../../Engine/Plugins/2D/Paper2D/Binaries/Win64/UE4Editor-PaperSpriteSheetImporter.dll (API version 3709383).
LogModuleManager: Display: Found up-to-date module file ../../../Engine/Plugins/2D/Paper2D/Binaries/Win64/UE4Editor-PaperTiledImporter.dll (API version 3709383).
LogModuleManager: Display: Found up-to-date module file ../../../Engine/Plugins/2D/Paper2D/Binaries/Win64/UE4Editor-SmartSnapping.dll (API version 3709383).
LogModuleManager: Display: Found up-to-date module file ../../../Engine/Plugins/Blendables/LightPropagationVolume/Binaries/Win64/UE4Editor-LightPropagationVolumeRuntime.dll (API version 3709383).
LogModuleManager: Display: Found up-to-date module file ../../../Engine/Plugins/Blendables/LightPropagationVolume/Binaries/Win64/UE4Editor-LightPropagationVolumeEditor.dll (API version 3709383).
LogModuleManager: Display: Found up-to-date module file ../../../Engine/Plugins/Developer/GitSourceControl/Binaries/Win64/UE4Editor-GitSourceControl.dll (API version 3709383).
LogModuleManager: Display: Found up-to-date module file ../../../Engine/Plugins/Developer/PerforceSourceControl/Binaries/Win64/UE4Editor-PerforceSourceControl.dll (API version 3709383).
LogModuleManager: Display: Found up-to-date module file ../../../Engine/Plugins/Developer/SubversionSourceControl/Binaries/Win64/UE4Editor-SubversionSourceControl.dll (API version 3709383).
LogModuleManager: Display: Found up-to-date module file ../../../Engine/Plugins/Developer/UObjectPlugin/Binaries/Win64/UE4Editor-UObjectPlugin.dll (API version 3709383).
LogModuleManager: Display: Found up-to-date module file ../../../Engine/Plugins/Developer/VisualStudioCodeSourceCodeAccess/Binaries/Win64/UE4Editor-VisualStudioCodeSourceCodeAccess.dll (API version 3709383).
LogModuleManager: Display: Found up-to-date module file ../../../Engine/Plugins/Developer/VisualStudioSourceCodeAccess/Binaries/Win64/UE4Editor-VisualStudioSourceCodeAccess.dll (API version 3709383).
LogModuleManager: Display: Found up-to-date module file ../../../Engine/Plugins/Editor/AssetManagerEditor/Binaries/Win64/UE4Editor-AssetManagerEditor.dll (API version 3709383).
LogModuleManager: Display: Found up-to-date module file ../../../Engine/Plugins/Editor/AudioCapture/Binaries/Win64/UE4Editor-AudioCapture.dll (API version 3709383).
LogModuleManager: Display: Found up-to-date module file ../../../Engine/Plugins/Editor/FacialAnimation/Binaries/Win64/UE4Editor-FacialAnimation.dll (API version 3709383).
LogModuleManager: Display: Found up-to-date module file ../../../Engine/Plugins/Editor/FacialAnimation/Binaries/Win64/UE4Editor-FacialAnimationEditor.dll (API version 3709383).
LogModuleManager: Display: Found up-to-date module file ../../../Engine/Plugins/Editor/GameplayTagsEditor/Binaries/Win64/UE4Editor-GameplayTagsEditor.dll (API version 3709383).
LogModuleManager: Display: Found up-to-date module file ../../../Engine/Plugins/Editor/MobileLauncherProfileWizard/Binaries/Win64/UE4Editor-MobileLauncherProfileWizard.dll (API version 3709383).
LogModuleManager: Display: Found up-to-date module file ../../../Engine/Plugins/Editor/PluginBrowser/Binaries/Win64/UE4Editor-PluginBrowser.dll (API version 3709383).
LogModuleManager: Display: Found up-to-date module file ../../../Engine/Plugins/Editor/SpeedTreeImporter/Binaries/Win64/UE4Editor-SpeedTreeImporter.dll (API version 3709383).
LogModuleManager: Display: Found up-to-date module file ../../../Engine/Plugins/Experimental/AlembicImporter/Binaries/Win64/UE4Editor-AlembicImporter.dll (API version 3709383).
LogModuleManager: Display: Found up-to-date module file ../../../Engine/Plugins/Experimental/AlembicImporter/Binaries/Win64/UE4Editor-AlembicLibrary.dll (API version 3709383).
LogModuleManager: Display: Found up-to-date module file ../../../Engine/Plugins/Experimental/CharacterAI/Binaries/Win64/UE4Editor-CharacterAI.dll (API version 3709383).
LogModuleManager: Display: Found up-to-date module file ../../../Engine/Plugins/Experimental/HTML5Networking/Binaries/Win64/UE4Editor-HTML5Networking.dll (API version 3709383).
LogModuleManager: Display: Found up-to-date module file ../../../Engine/Plugins/Media/AndroidMedia/Binaries/Win64/UE4Editor-AndroidMediaEditor.dll (API version 3709383).
LogModuleManager: Display: Found up-to-date module file ../../../Engine/Plugins/Media/AndroidMedia/Binaries/Win64/UE4Editor-AndroidMediaFactory.dll (API version 3709383).
LogModuleManager: Display: Found up-to-date module file ../../../Engine/Plugins/Media/AvfMedia/Binaries/Win64/UE4Editor-AvfMediaEditor.dll (API version 3709383).
LogModuleManager: Display: Found up-to-date module file ../../../Engine/Plugins/Media/AvfMedia/Binaries/Win64/UE4Editor-AvfMediaFactory.dll (API version 3709383).
LogModuleManager: Display: Found up-to-date module file ../../../Engine/Plugins/Media/AvfMedia/Binaries/Win64/UE4Editor-AvfMediaFactory.dll (API version 3709383).
LogModuleManager: Display: Found up-to-date module file ../../../Engine/Plugins/Media/ImgMedia/Binaries/Win64/UE4Editor-ImgMedia.dll (API version 3709383).
LogModuleManager: Display: Found up-to-date module file ../../../Engine/Plugins/Media/ImgMedia/Binaries/Win64/UE4Editor-ImgMediaEditor.dll (API version 3709383).
LogModuleManager: Display: Found up-to-date module file ../../../Engine/Plugins/Media/ImgMedia/Binaries/Win64/UE4Editor-ImgMediaFactory.dll (API version 3709383).
LogModuleManager: Display: Found up-to-date module file ../../../Engine/Plugins/Media/ImgMedia/Binaries/Win64/UE4Editor-ImgMediaFactory.dll (API version 3709383).
LogModuleManager: Display: Found up-to-date module file ../../../Engine/Plugins/Media/ImgMedia/Binaries/Win64/UE4Editor-OpenExrWrapper.dll (API version 3709383).
LogModuleManager: Display: Found up-to-date module file ../../../Engine/Plugins/Media/MediaCompositing/Binaries/Win64/UE4Editor-MediaCompositing.dll (API version 3709383).
LogModuleManager: Display: Found up-to-date module file ../../../Engine/Plugins/Media/MediaCompositing/Binaries/Win64/UE4Editor-MediaCompositingEditor.dll (API version 3709383).
LogModuleManager: Display: Found up-to-date module file ../../../Engine/Plugins/Media/MediaPlayerEditor/Binaries/Win64/UE4Editor-MediaPlayerEditor.dll (API version 3709383).
LogModuleManager: Display: Found up-to-date module file ../../../Engine/Plugins/Media/WmfMedia/Binaries/Win64/UE4Editor-WmfMedia.dll (API version 3709383).
LogModuleManager: Display: Found up-to-date module file ../../../Engine/Plugins/Media/WmfMedia/Binaries/Win64/UE4Editor-WmfMediaEditor.dll (API version 3709383).
LogModuleManager: Display: Found up-to-date module file ../../../Engine/Plugins/Media/WmfMedia/Binaries/Win64/UE4Editor-WmfMediaFactory.dll (API version 3709383).
LogModuleManager: Display: Found up-to-date module file ../../../Engine/Plugins/Media/WmfMedia/Binaries/Win64/UE4Editor-WmfMediaFactory.dll (API version 3709383).
LogModuleManager: Display: Found up-to-date module file ../../../Engine/Plugins/Messaging/TcpMessaging/Binaries/Win64/UE4Editor-TcpMessaging.dll (API version 3709383).
LogModuleManager: Display: Found up-to-date module file ../../../Engine/Plugins/Messaging/UdpMessaging/Binaries/Win64/UE4Editor-UdpMessaging.dll (API version 3709383).
LogModuleManager: Display: Found up-to-date module file ../../../Engine/Plugins/MovieScene/ActorSequence/Binaries/Win64/UE4Editor-ActorSequence.dll (API version 3709383).
LogModuleManager: Display: Found up-to-date module file ../../../Engine/Plugins/MovieScene/LevelSequenceEditor/Binaries/Win64/UE4Editor-LevelSequenceEditor.dll (API version 3709383).
LogModuleManager: Display: Found up-to-date module file ../../../Engine/Plugins/MovieScene/MatineeToLevelSequence/Binaries/Win64/UE4Editor-MatineeToLevelSequence.dll (API version 3709383).
LogModuleManager: Display: Found up-to-date module file ../../../Engine/Plugins/Runtime/AndroidPermission/Binaries/Win64/UE4Editor-AndroidPermission.dll (API version 3709383).
LogModuleManager: Display: Found up-to-date module file ../../../Engine/Plugins/Online/OnlineSubsystemNull/Binaries/Win64/UE4Editor-OnlineSubsystemNull.dll (API version 3709383).
LogModuleManager: Display: Found up-to-date module file ../../../Engine/Plugins/Runtime/AndroidDeviceProfileSelector/Binaries/Win64/UE4Editor-AndroidDeviceProfileSelector.dll (API version 3709383).
LogModuleManager: Display: Found up-to-date module file ../../../Engine/Plugins/Runtime/AppleARKit/Binaries/Win64/UE4Editor-AppleARKit.dll (API version 3709383).
LogModuleManager: Display: Found up-to-date module file ../../../Engine/Plugins/Runtime/ArchVisCharacter/Binaries/Win64/UE4Editor-ArchVisCharacter.dll (API version 3709383).
LogModuleManager: Display: Found up-to-date module file ../../../Engine/Plugins/Runtime/CableComponent/Binaries/Win64/UE4Editor-CableComponent.dll (API version 3709383).
LogModuleManager: Display: Found up-to-date module file ../../../Engine/Plugins/Runtime/CustomMeshComponent/Binaries/Win64/UE4Editor-CustomMeshComponent.dll (API version 3709383).
LogModuleManager: Display: Found up-to-date module file ../../../Engine/Plugins/Runtime/ExampleDeviceProfileSelector/Binaries/Win64/UE4Editor-ExampleDeviceProfileSelector.dll (API version 3709383).
LogModuleManager: Display: Found up-to-date module file ../../../Engine/Plugins/Runtime/ImmediatePhysics/Binaries/Win64/UE4Editor-ImmediatePhysics.dll (API version 3709383).
LogModuleManager: Display: Found up-to-date module file ../../../Engine/Plugins/Runtime/ImmediatePhysics/Binaries/Win64/UE4Editor-ImmediatePhysicsEditor.dll (API version 3709383).
LogModuleManager: Display: Found up-to-date module file ../../../Engine/Plugins/Runtime/LocationServicesBPLibrary/Binaries/Win64/UE4Editor-LocationServicesBPLibrary.dll (API version 3709383).
LogModuleManager: Display: Found up-to-date module file ../../../Engine/Plugins/Runtime/MobilePatchingUtils/Binaries/Win64/UE4Editor-MobilePatchingUtils.dll (API version 3709383).
LogModuleManager: Display: Found up-to-date module file ../../../Engine/Plugins/Runtime/Oculus/OculusVR/Binaries/Win64/UE4Editor-OculusHMD.dll (API version 3709383).
LogModuleManager: Display: Found up-to-date module file ../../../Engine/Plugins/Runtime/Oculus/OculusVR/Binaries/Win64/UE4Editor-OculusInput.dll (API version 3709383).
LogModuleManager: Display: Found up-to-date module file ../../../Engine/Plugins/Runtime/Oculus/OculusVR/Binaries/Win64/UE4Editor-OculusEditor.dll (API version 3709383).
LogModuleManager: Display: Found up-to-date module file ../../../Engine/Plugins/Runtime/PhysXVehicles/Binaries/Win64/UE4Editor-PhysXVehicles.dll (API version 3709383).
LogModuleManager: Display: Found up-to-date module file ../../../Engine/Plugins/Runtime/PhysXVehicles/Binaries/Win64/UE4Editor-PhysXVehiclesEditor.dll (API version 3709383).
LogModuleManager: Display: Found up-to-date module file ../../../Engine/Plugins/Runtime/ProceduralMeshComponent/Binaries/Win64/UE4Editor-ProceduralMeshComponent.dll (API version 3709383).
LogModuleManager: Display: Found up-to-date module file ../../../Engine/Plugins/Runtime/ProceduralMeshComponent/Binaries/Win64/UE4Editor-ProceduralMeshComponentEditor.dll (API version 3709383).
LogModuleManager: Display: Found up-to-date module file ../../../Engine/Plugins/Runtime/RuntimePhysXCooking/Binaries/Win64/UE4Editor-RuntimePhysXCooking.dll (API version 3709383).
LogModuleManager: Display: Found up-to-date module file ../../../Engine/Plugins/Runtime/Steam/SteamVR/Binaries/Win64/UE4Editor-SteamVR.dll (API version 3709383).
LogModuleManager: Display: Found up-to-date module file ../../../Engine/Plugins/Runtime/Steam/SteamVR/Binaries/Win64/UE4Editor-SteamVRController.dll (API version 3709383).
LogModuleManager: Display: Found up-to-date module file ../../../Engine/Plugins/Runtime/WindowsMoviePlayer/Binaries/Win64/UE4Editor-WindowsMoviePlayer.dll (API version 3709383).
LogPluginManager: Mounting plugin Paper2D
LogPluginManager: Mounting plugin LightPropagationVolume
LogPluginManager: Mounting plugin CodeLiteSourceCodeAccess
LogPluginManager: Mounting plugin GitSourceControl
LogPluginManager: Mounting plugin KDevelopSourceCodeAccess
LogPluginManager: Mounting plugin NullSourceCodeAccess
LogPluginManager: Mounting plugin PerforceSourceControl
LogPluginManager: Mounting plugin SubversionSourceControl
LogPluginManager: Mounting plugin UObjectPlugin
LogPluginManager: Mounting plugin VisualStudioCodeSourceCodeAccess
LogPluginManager: Mounting plugin VisualStudioSourceCodeAccess
LogPluginManager: Mounting plugin XCodeSourceCodeAccess
LogPluginManager: Mounting plugin AssetManagerEditor
LogPluginManager: Mounting plugin AudioCapture
LogPluginManager: Mounting plugin FacialAnimation
LogPluginManager: Mounting plugin GameplayTagsEditor
LogPluginManager: Mounting plugin MobileLauncherProfileWizard
LogPluginManager: Mounting plugin PluginBrowser
LogPluginManager: Mounting plugin SpeedTreeImporter
LogPluginManager: Mounting plugin AlembicImporter
LogPluginManager: Mounting plugin CharacterAI
LogPluginManager: Mounting plugin HTML5Networking
LogPluginManager: Mounting plugin GameSparks
LogPluginManager: Mounting plugin AndroidMedia
LogPluginManager: Mounting plugin AvfMedia
LogPluginManager: Mounting plugin ImgMedia
LogPluginManager: Mounting plugin MediaCompositing
LogPluginManager: Mounting plugin MediaPlayerEditor
LogPluginManager: Mounting plugin WmfMedia
LogPluginManager: Mounting plugin TcpMessaging
LogPluginManager: Mounting plugin UdpMessaging
LogPluginManager: Mounting plugin ActorSequence
LogPluginManager: Mounting plugin LevelSequenceEditor
LogPluginManager: Mounting plugin MatineeToLevelSequence
LogPluginManager: Mounting plugin OnlineSubsystemGooglePlay
LogPluginManager: Mounting plugin OnlineSubsystemIOS
LogPluginManager: Mounting plugin OnlineSubsystem
LogPluginManager: Mounting plugin OnlineSubsystemNull
LogPluginManager: Mounting plugin OnlineSubsystemUtils
LogPluginManager: Mounting plugin AndroidDeviceProfileSelector
LogPluginManager: Mounting plugin AndroidMoviePlayer
LogPluginManager: Mounting plugin AndroidPermission
LogPluginManager: Mounting plugin AppleARKit
LogPluginManager: Mounting plugin AppleMoviePlayer
LogPluginManager: Mounting plugin ArchVisCharacter
LogPluginManager: Mounting plugin CableComponent
LogPluginManager: Mounting plugin CustomMeshComponent
LogPluginManager: Mounting plugin ExampleDeviceProfileSelector
LogPluginManager: Mounting plugin GoogleCloudMessaging
LogPluginManager: Mounting plugin ImmediatePhysics
LogPluginManager: Mounting plugin IOSDeviceProfileSelector
LogPluginManager: Mounting plugin LinuxDeviceProfileSelector
LogPluginManager: Mounting plugin LocationServicesBPLibrary
LogPluginManager: Mounting plugin MobilePatchingUtils
LogPluginManager: Mounting plugin OculusVR
LogPluginManager: Plugin shader directory ../../../Engine/Plugins/Runtime/Oculus/OculusVR/Shaders found
LogPluginManager: Mapping shader source directory ../../../Engine/Plugins/Runtime/Oculus/OculusVR/Shaders to virtual directory /Plugin/OculusVR
LogPluginManager: Mounting plugin PhysXVehicles
LogPluginManager: Mounting plugin ProceduralMeshComponent
LogPluginManager: Mounting plugin RuntimePhysXCooking
LogPluginManager: Mounting plugin SteamVR
LogPluginManager: Mounting plugin WindowsMoviePlayer
LogInit: Using libcurl 7.47.1
LogInit:  - built for x86_64-pc-win32
LogInit:  - supports SSL with OpenSSL/1.0.2g
LogInit:  - supports HTTP deflate (compression) using libz 1.2.8
LogInit:  - other features:
LogInit:      CURL_VERSION_SSL
LogInit:      CURL_VERSION_LIBZ
LogInit:      CURL_VERSION_IPV6
LogInit:      CURL_VERSION_ASYNCHDNS
LogInit:      CURL_VERSION_LARGEFILE
LogInit:      CURL_VERSION_IDN
LogInit:  CurlRequestOptions (configurable via config and command line):
LogInit:  - bVerifyPeer = false  - Libcurl will NOT verify peer certificate
LogInit:  - bUseHttpProxy = false  - Libcurl will NOT use HTTP proxy
LogInit:  - bDontReuseConnections = false  - Libcurl will reuse connections
LogInit:  - CertBundlePath = nullptr  - Libcurl will use whatever was configured at build time.
LogInit: Build: ++UE4+Release-4.18-CL-3832480
LogInit: Engine Version: 4.18.3-3832480+++UE4+Release-4.18
LogInit: Compatible Engine Version: 4.18.0-3709383+++UE4+Release-4.18
LogInit: Net CL: 3709383
LogDevObjectVersion: Number of dev versions registered: 16
LogDevObjectVersion:   Dev-Blueprints (B0D832E4-1F89-4F0D-ACCF-7EB736FD4AA2): 10
LogDevObjectVersion:   Dev-Build (E1C64328-A22C-4D53-A36C-8E866417BD8C): 0
LogDevObjectVersion:   Dev-Core (375EC13C-06E4-48FB-B500-84F0262A717E): 2
LogDevObjectVersion:   Dev-Editor (E4B068ED-F494-42E9-A231-DA0B2E46BB41): 20
LogDevObjectVersion:   Dev-Framework (CFFC743F-43B0-4480-9391-14DF171D2073): 30
LogDevObjectVersion:   Dev-Mobile (B02B49B5-BB20-44E9-A304-32B752E40360): 0
LogDevObjectVersion:   Dev-Networking (A4E4105C-59A1-49B5-A7C5-40C4547EDFEE): 0
LogDevObjectVersion:   Dev-Online (39C831C9-5AE6-47DC-9A44-9C173E1C8E7C): 0
LogDevObjectVersion:   Dev-Physics (78F01B33-EBEA-4F98-B9B4-84EACCB95AA2): 0
LogDevObjectVersion:   Dev-Platform (6631380F-2D4D-43E0-8009-CF276956A95A): 0
LogDevObjectVersion:   Dev-Rendering (12F88B9F-8875-4AFC-A67C-D90C383ABD29): 20
LogDevObjectVersion:   Dev-Sequencer (7B5AE74C-D270-4C10-A958-57980B212A5A): 4
LogDevObjectVersion:   Dev-VR (D7296918-1DD6-4BDD-9DE2-64A83CC13884): 0
LogDevObjectVersion:   Dev-LoadTimes (C2A15278-BFE7-4AFE-6C17-90FF531DF755): 1
LogDevObjectVersion:   Private-Geometry (6EACA3D4-40EC-4CC1-B786-8BED09428FC5): 1
LogDevObjectVersion:   Dev-AnimPhys (29E575DD-E0A3-4627-9D10-D276232CDCEA): 12
LogInit: Compiled (64-bit): Jan 12 2018 02:04:55
LogInit: Compiled with Visual C++: 19.00.24215.01
LogInit: Build Configuration: Development
LogInit: Branch Name: ++UE4+Release-4.18
LogInit: Command line: -EpicPortal  -epicusername="Forcame2" -epicuserid=f199f47330f747318e206e5ff79be176 -epiclocale=es-MX
LogInit: Base directory: C:/Program Files/Epic Games/UE_4.18/Engine/Binaries/Win64/
LogInit: Installed Engine Build: 1
LogInit: Presizing for max 8388607 objects, including 0 objects not considered by GC, pre-allocating 0 bytes for permanent pool.
LogInit: Object subsystem initialized
[2020.10.24-00.17.48:528][  0]LogInit: Selected Device Profile: [Windows]
[2020.10.24-00.17.48:528][  0]LogInit: Applying CVar settings loaded from the selected device profile: [Windows]
[2020.10.24-00.17.48:586][  0]LogInit: Computer: LAPTOP-I9MQC5NQ
[2020.10.24-00.17.48:586][  0]LogInit: User: crist
[2020.10.24-00.17.48:586][  0]LogInit: CPU Page size=4096, Cores=4
[2020.10.24-00.17.48:586][  0]LogInit: High frequency timer resolution =10.000000 MHz
[2020.10.24-00.17.48:587][  0]LogMemory: Memory total: Physical=11.9GB (12GB approx)
[2020.10.24-00.17.48:587][  0]LogMemory: Platform Memory Stats for Windows
[2020.10.24-00.17.48:587][  0]LogMemory: Process Physical Memory: 276.21 MB used, 276.22 MB peak
[2020.10.24-00.17.48:587][  0]LogMemory: Process Virtual Memory: 271.73 MB used, 271.73 MB peak
[2020.10.24-00.17.48:587][  0]LogMemory: Physical Memory: 7921.05 MB used,  4253.80 MB free, 12174.85 MB total
[2020.10.24-00.17.48:587][  0]LogMemory: Virtual Memory: 4766.38 MB used,  4253.80 MB free, 134217728.00 MB total
[2020.10.24-00.17.49:159][  0]LogInit: Using OS detected language (es-MX).
[2020.10.24-00.17.49:159][  0]LogInit: Using OS detected locale (es-CO).
[2020.10.24-00.17.49:164][  0]LogTextLocalizationManager: No specific localization for 'es-MX' exists, so the 'es' localization will be used.
[2020.10.24-00.17.49:357][  0]LogInit: Setting process to per monitor DPI aware
[2020.10.24-00.17.50:045][  0]LogD3D11RHI: D3D11 adapters:
[2020.10.24-00.17.50:121][  0]LogD3D11RHI:    0. 'NVIDIA GeForce GTX 1050' (Feature Level 11_0)
[2020.10.24-00.17.50:121][  0]LogD3D11RHI:       4019/0/6087 MB DedicatedVideo/DedicatedSystem/SharedSystem, Outputs:1, VendorId:0x10de
[2020.10.24-00.17.50:132][  0]LogD3D11RHI:    1. 'Intel(R) HD Graphics 630' (Feature Level 11_0)
[2020.10.24-00.17.50:132][  0]LogD3D11RHI:       128/0/6087 MB DedicatedVideo/DedicatedSystem/SharedSystem, Outputs:0, VendorId:0x8086
[2020.10.24-00.17.50:134][  0]LogD3D11RHI:    2. 'Microsoft Basic Render Driver' (Feature Level 11_0)
[2020.10.24-00.17.50:134][  0]LogD3D11RHI:       0/0/6087 MB DedicatedVideo/DedicatedSystem/SharedSystem, Outputs:0, VendorId:0x1414
[2020.10.24-00.17.50:134][  0]LogD3D11RHI: Chosen D3D11 Adapter: 0
[2020.10.24-00.17.50:162][  0]LogD3D11RHI: Creating new Direct3DDevice
[2020.10.24-00.17.50:162][  0]LogD3D11RHI:     GPU DeviceId: 0x1c8d (for the marketing name, search the web for "GPU Device Id")
[2020.10.24-00.17.50:162][  0]LogWindows: EnumDisplayDevices:
[2020.10.24-00.17.50:163][  0]LogWindows:    0. 'Intel(R) HD Graphics 630' (P:1 D:1)
[2020.10.24-00.17.50:163][  0]LogWindows:    1. 'Intel(R) HD Graphics 630' (P:0 D:0)
[2020.10.24-00.17.50:163][  0]LogWindows:    2. 'Intel(R) HD Graphics 630' (P:0 D:0)
[2020.10.24-00.17.50:164][  0]LogWindows:    3. 'NVIDIA GeForce GTX 1050' (P:0 D:0)
[2020.10.24-00.17.50:164][  0]LogWindows:    4. 'NVIDIA GeForce GTX 1050' (P:0 D:0)
[2020.10.24-00.17.50:165][  0]LogWindows:    5. 'NVIDIA GeForce GTX 1050' (P:0 D:0)
[2020.10.24-00.17.50:165][  0]LogWindows:    6. 'NVIDIA GeForce GTX 1050' (P:0 D:0)
[2020.10.24-00.17.50:166][  0]LogWindows: DebugString: GetVideoDriverDetailsInvalid PrimaryIsNotTheChoosenAdapter GetVideoDriverDetailsInvalid PrimaryIsNotTheChoosenAdapter GetVideoDriverDetailsInvalid PrimaryIsNotTheChoosenAdapter GetVideoDriverDetailsInvalid PrimaryIsNotTheChoosenAdapter GetVideoDriverDetailsInvalid PrimaryIsNotTheChoosenAdapter GetVideoDriverDetailsInvalid PrimaryIsNotTheChoosenAdapter GetVideoDriverDetailsInvalid PrimaryIsNotTheChoosenAdapter FoundDriverCount:0 
[2020.10.24-00.17.50:166][  0]LogD3D11RHI:     Adapter Name: NVIDIA GeForce GTX 1050
[2020.10.24-00.17.50:166][  0]LogD3D11RHI:   Driver Version: Unknown (internal:Unknown, unified:Unknown)
[2020.10.24-00.17.50:166][  0]LogD3D11RHI:      Driver Date: Unknown
[2020.10.24-00.17.50:166][  0]LogRHI: Texture pool is 2813 MB (70% of 4019 MB)
[2020.10.24-00.17.50:228][  0]LogD3D11RHI: Async texture creation enabled
[2020.10.24-00.17.50:245][  0]LogD3D11RHI: GPU Timing Frequency: 1000.000000 (Debug: 2 1)
[2020.10.24-00.17.50:247][  0]LogShaderCompilers: Guid format shader working directory is -39 characters bigger than the processId version (../../../../../../Users/crist/OneDrive/Escritorio/repositorios/Museo/MuseoVirtualUdeM/Intermediate/Shaders/WorkingDirectory/8572/).
[2020.10.24-00.17.50:247][  0]LogShaderCompilers: Cleaned the shader compiler working directory 'C:/Users/crist/AppData/Local/Temp/UnrealShaderWorkingDir/8FDBF750442D153CE058559D7451B891/'.
[2020.10.24-00.17.50:247][  0]LogShaderCompilers: Display: Using Local Shader Compiler.
[2020.10.24-00.17.51:592][  0]LogTemp: Display: Loaded TP AllDesktopTargetPlatform
[2020.10.24-00.17.51:703][  0]LogTemp: Display: Loaded TP MacClientTargetPlatform
[2020.10.24-00.17.51:815][  0]LogTemp: Display: Loaded TP MacNoEditorTargetPlatform
[2020.10.24-00.17.51:929][  0]LogTemp: Display: Loaded TP MacServerTargetPlatform
[2020.10.24-00.17.52:043][  0]LogTemp: Display: Loaded TP MacTargetPlatform
[2020.10.24-00.17.52:165][  0]LogTemp: Display: Loaded TP WindowsClientTargetPlatform
[2020.10.24-00.17.52:315][  0]LogTemp: Display: Loaded TP WindowsNoEditorTargetPlatform
[2020.10.24-00.17.52:432][  0]LogTemp: Display: Loaded TP WindowsServerTargetPlatform
[2020.10.24-00.17.52:550][  0]LogTemp: Display: Loaded TP WindowsTargetPlatform
[2020.10.24-00.17.52:669][  0]LogTemp: Display: Loaded TP Android_ASTCTargetPlatform
[2020.10.24-00.17.52:790][  0]LogTemp: Display: Loaded TP Android_ATCTargetPlatform
[2020.10.24-00.17.52:902][  0]LogTemp: Display: Loaded TP Android_DXTTargetPlatform
[2020.10.24-00.17.53:012][  0]LogTemp: Display: Loaded TP Android_ETC1TargetPlatform
[2020.10.24-00.17.53:121][  0]LogTemp: Display: Loaded TP Android_ETC2TargetPlatform
[2020.10.24-00.17.53:346][  0]LogTemp: Display: Loaded TP Android_MultiTargetPlatform
[2020.10.24-00.17.53:346][  0]LogTemp: Display: Loaded TP Android_PVRTCTargetPlatform
[2020.10.24-00.17.53:460][  0]LogTemp: Display: Loaded TP AndroidTargetPlatform
[2020.10.24-00.17.53:561][  0]LogTemp: Display: Loaded TP HTML5TargetPlatform
[2020.10.24-00.17.53:778][  0]LogTemp: Display: Loaded TP IOSTargetPlatform
[2020.10.24-00.17.53:837][  0]LogTemp: Display: Loaded TP TVOSTargetPlatform
[2020.10.24-00.17.54:239][  0]LogTemp: Display: Loaded TP LinuxClientTargetPlatform
[2020.10.24-00.17.54:523][  0]LogTemp: Display: Loaded TP LinuxNoEditorTargetPlatform
[2020.10.24-00.17.54:639][  0]LogTemp: Display: Loaded TP LinuxServerTargetPlatform
[2020.10.24-00.17.54:763][  0]LogTemp: Display: Loaded TP LinuxTargetPlatform
[2020.10.24-00.17.54:763][  0]LogTargetPlatformManager: Display: Building Assets For Windows
[2020.10.24-00.17.56:015][  0]LogDerivedDataCache: Display: Max Cache Size: 512 MB
[2020.10.24-00.17.56:096][  0]LogDerivedDataCache: Loaded boot cache 0.08s 78MB C:/Users/crist/AppData/Local/UnrealEngine/4.18/DerivedDataCache/Boot.ddc.
[2020.10.24-00.17.56:096][  0]LogDerivedDataCache: Display: Loaded Boot cache: C:/Users/crist/AppData/Local/UnrealEngine/4.18/DerivedDataCache/Boot.ddc
[2020.10.24-00.17.56:096][  0]LogDerivedDataCache: FDerivedDataBackendGraph:  Pak pak cache file ../../../../../../Users/crist/OneDrive/Escritorio/repositorios/Museo/MuseoVirtualUdeM/DerivedDataCache/DDC.ddp not found, will not use a pak cache.
[2020.10.24-00.17.56:096][  0]LogDerivedDataCache: Unable to find inner node Pak for hierarchical cache Hierarchy.
[2020.10.24-00.17.56:096][  0]LogDerivedDataCache: FDerivedDataBackendGraph:  CompressedPak pak cache file ../../../../../../Users/crist/OneDrive/Escritorio/repositorios/Museo/MuseoVirtualUdeM/DerivedDataCache/Compressed.ddp not found, will not use a pak cache.
[2020.10.24-00.17.56:096][  0]LogDerivedDataCache: Unable to find inner node CompressedPak for hierarchical cache Hierarchy.
[2020.10.24-00.17.56:113][  0]LogDerivedDataCache: Display: Pak cache opened for reading ../../../Engine/DerivedDataCache/Compressed.ddp.
[2020.10.24-00.17.56:127][  0]LogDerivedDataCache: Using Local data cache path C:/Users/crist/AppData/Local/UnrealEngine/Common/DerivedDataCache: Writable
[2020.10.24-00.17.56:149][  0]LogMaterial: Verifying Global Shaders for PCD3D_SM5
[2020.10.24-00.17.56:149][  0]LogSlate: Using Freetype 2.6.0
[2020.10.24-00.17.56:151][  0]LogSlate: SlateFontCache - WITH_FREETYPE: 1, WITH_HARFBUZZ: 1
[2020.10.24-00.17.56:151][  0]LogSlate: SlateFontCache - WITH_FREETYPE: 1, WITH_HARFBUZZ: 1
[2020.10.24-00.17.56:586][  0]LogInit: Selected Device Profile: [Windows]
[2020.10.24-00.17.57:337][  0]LogSimplygon: Simplygon DLL not present - disabling.
[2020.10.24-00.17.57:439][  0]LogMeshReduction: Using SimplygonSwarm for distributed automatic mesh merging
[2020.10.24-00.17.57:439][  0]LogMeshReduction: Using QuadricMeshReduction for automatic static mesh reduction
[2020.10.24-00.17.57:439][  0]LogMeshReduction: No automatic skeletal mesh reduction module available
[2020.10.24-00.17.57:439][  0]LogMeshReduction: No automatic mesh merging module available
[2020.10.24-00.17.57:439][  0]LogMeshMerging: No automatic mesh merging module available
[2020.10.24-00.17.57:478][  0]LogNetVersion: MuseoVirtualUdem , NetCL: 3709383, EngineNetVer: 2, GameNetVer: 0 (Checksum: 2631075334)
[2020.10.24-00.17.57:743][  0]LogAssetRegistry: FAssetRegistry took 0.0269 seconds to start up
[2020.10.24-00.17.58:638][  0]LogPackageLocalizationCache: Processed 8 localized package path(s) for 2 prioritized culture(s) in 0.190998 seconds
[2020.10.24-00.17.58:644][  0]LogUObjectArray: 35870 objects as part of root set at end of initial load.
[2020.10.24-00.17.58:644][  0]LogUObjectAllocator: 7363696 out of 0 bytes used by permanent object pool.
[2020.10.24-00.17.58:644][  0]LogUObjectArray: CloseDisregardForGC: 0/0 objects in disregard for GC pool
[2020.10.24-00.17.58:792][  0]LogInit: WinSock: version 1.1 (2.2), MaxSocks=32767, MaxUdp=65467
[2020.10.24-00.18.04:289][  0]UGameSparksModuleLog: Warning: GameSparks::StartupModule
[2020.10.24-00.18.04:359][  0]LogTcpMessaging: Initializing TcpMessaging bridge
[2020.10.24-00.18.04:442][  0]LogUdpMessaging: Initializing bridge on interface 0.0.0.0:0 to multicast group 230.0.0.1:6666.
[2020.10.24-00.18.06:261][  0]LogMaterial: Uniform references updated for custom material expression Custom.
[2020.10.24-00.18.07:171][  0]SourceControl: El control de código fuente está desactivado
[2020.10.24-00.18.07:171][  0]SourceControl: El control de código fuente está desactivado
[2020.10.24-00.18.07:328][  0]SourceControl: El control de código fuente está desactivado
[2020.10.24-00.18.07:467][  0]SourceControl: El control de código fuente está desactivado
[2020.10.24-00.18.09:833][  0]LogAndroidPermission: UAndroidPermissionCallbackProxy::GetInstance
[2020.10.24-00.18.10:706][  0]LogOcInput: OculusInput pre-init called
[2020.10.24-00.18.11:505][  0]LogEngine: Initializing Engine...
[2020.10.24-00.18.11:508][  0]LogHMD: Failed to initialize OpenVR with code 110
[2020.10.24-00.18.11:837][  0]LogStats: UGameplayTagsManager::ConstructGameplayTagTree: Construct from data asset -  0.000 s
[2020.10.24-00.18.11:837][  0]LogStats: UGameplayTagsManager::ConstructGameplayTagTree: GameplayTagTreeChangedEvent.Broadcast -  0.000 s
[2020.10.24-00.18.12:173][  0]LogAIModule: Creating AISystem for world Untitled
[2020.10.24-00.18.12:183][  0]LogInit: XAudio2 using 'Altavoz/Auricular (Realtek High Definition Audio)' : 2 channels at 48 kHz using 32 bits per sample (channel mask 0x3)
[2020.10.24-00.18.12:223][  0]LogInit: FAudioDevice initialized.
[2020.10.24-00.18.12:392][  0]LogDerivedDataCache: Saved boot cache 0.17s 78MB C:/Users/crist/AppData/Local/UnrealEngine/4.18/DerivedDataCache/Boot.ddc.
[2020.10.24-00.18.12:408][  0]LogInit: Texture streaming: Enabled
[2020.10.24-00.18.12:712][  0]LogEngineSessionManager: EngineSessionManager initialized
[2020.10.24-00.18.13:060][  0]LogInit: Transaction tracking system initialized
[2020.10.24-00.18.14:002][  0]BlueprintLog: New page: Cargar el editor
[2020.10.24-00.18.16:641][  0]LocalizationService: Localization service is disabled
[2020.10.24-00.18.18:566][  0]LogConsoleResponse: Display: 
[2020.10.24-00.18.18:891][  0]LogCook: Display: Max memory allowance for cook 16384mb min free memory 0mb
[2020.10.24-00.18.18:891][  0]LogCook: Display: Mobile HDR setting 1
[2020.10.24-00.18.18:891][  0]LogGameplayTags: Display: UGameplayTagsManager::DoneAddingNativeTags. DelegateIsBound: 0
[2020.10.24-00.18.19:044][  0]LogFileCache: Scanning file cache for directory 'C:/Users/crist/OneDrive/Escritorio/repositorios/Museo/MuseoVirtualUdeM/Content/' took 0.02s
[2020.10.24-00.18.22:030][  0]SourceControl: El control de código fuente está desactivado
[2020.10.24-00.18.22:030][  0]Cmd: MAP LOAD FILE="../../../../../../Users/crist/OneDrive/Escritorio/repositorios/Museo/MuseoVirtualUdeM/Content/Scenes/Game.umap" TEMPLATE=0 SHOWPROGRESS=1 FEATURELEVEL=3
[2020.10.24-00.18.22:039][  0]LightingResults: New page: Diseñar la iluminación
[2020.10.24-00.18.22:139][  0]MapCheck: New page: Revisión del mapa
[2020.10.24-00.18.22:139][  0]LightingResults: New page: Diseñar la iluminación
[2020.10.24-00.18.29:880][  0]LogAIModule: Creating AISystem for world Game
[2020.10.24-00.18.30:136][  0]LogEditorServer: Finished looking for orphan Actors (0.000 secs)
[2020.10.24-00.18.30:191][  0]Cmd: MAP CHECKDEP NOCLEARLOG
[2020.10.24-00.18.30:294][  0]MapCheck: Map check complete: 0 Error(s), 0 Warning(s), took 102,087ms to complete.
[2020.10.24-00.18.30:294][  0]LogFileHelpers: Loading map 'Game' took 8.264
[2020.10.24-00.18.31:081][  0]LogCollectionManager: Loaded 0 collections in 0.001952 seconds
[2020.10.24-00.18.31:302][  0]LogFileCache: Scanning file cache for directory 'C:/Users/crist/OneDrive/Escritorio/repositorios/Museo/MuseoVirtualUdeM/Saved/Collections/' took 0.01s
[2020.10.24-00.18.31:302][  0]LogFileCache: Scanning file cache for directory 'C:/Users/crist/OneDrive/Escritorio/repositorios/Museo/MuseoVirtualUdeM/Content/Developers/crist/Collections/' took 0.01s
[2020.10.24-00.18.31:303][  0]LogFileCache: Scanning file cache for directory 'C:/Users/crist/OneDrive/Escritorio/repositorios/Museo/MuseoVirtualUdeM/Content/Collections/' took 0.01s
[2020.10.24-00.18.31:303][  0]LogCollectionManager: Rebuilt the GUID cache for 0 collections in 0.000000 seconds
[2020.10.24-00.18.31:313][  0]LogContentBrowser: Native class hierarchy populated in 0.0091 seconds. Added 2462 classes and 523 folders.
[2020.10.24-00.18.31:523][  0]LogContentBrowser: Native class hierarchy updated for 'WidgetCarousel' in 0.0003 seconds. Added 0 classes and 0 folders.
[2020.10.24-00.18.32:820][  0]LogContentBrowser: Native class hierarchy updated for 'AddContentDialog' in 0.0008 seconds. Added 0 classes and 0 folders.
[2020.10.24-00.18.33:007][  0]LogContentBrowser: Native class hierarchy updated for 'SceneOutliner' in 0.0003 seconds. Added 1 classes and 2 folders.
[2020.10.24-00.18.33:415][  0]LogSlate: Took 0.000231 seconds to synchronously load lazily loaded font '../../../Engine/Content/Slate/Fonts/Roboto-Regular.ttf' (155K)
[2020.10.24-00.18.33:417][  0]LogSlate: Took 0.000271 seconds to synchronously load lazily loaded font '../../../Engine/Content/Slate/Fonts/Roboto-Bold.ttf' (160K)
[2020.10.24-00.18.33:441][  0]LogSlate: Took 0.004553 seconds to synchronously load lazily loaded font '../../../Engine/Content/Editor/Slate/Fonts/FontAwesome.ttf' (139K)
[2020.10.24-00.18.33:950][  0]LogRenderer: Reallocating scene render targets to support 964x436 Format 10 NumSamples 1 (Frame:1).
[2020.10.24-00.18.34:720][  0]LogContentBrowser: Native class hierarchy updated for 'HierarchicalLODOutliner' in 0.0007 seconds. Added 1 classes and 2 folders.
[2020.10.24-00.18.34:720][  0]LogLoad: (Engine Initialization) Total time: 52.69 seconds
[2020.10.24-00.18.34:720][  0]LogLoad: (Engine Initialization) Total Blueprint compile time: 0.00 seconds
[2020.10.24-00.18.34:720][  0]LogExternalProfiler: Found external profiler: VSPerf
[2020.10.24-00.18.34:720][  0]LogExternalProfiler: Using external profiler: VSPerf
[2020.10.24-00.18.35:084][  0]LogContentStreaming: Texture pool size now 1000 MB
[2020.10.24-00.18.35:407][  1]LogAssetRegistry: Asset discovery search completed in 37.6865 seconds
[2020.10.24-00.18.35:410][  1]LogCollectionManager: Rebuilt the object cache for 0 collections in 0.000000 seconds (found 0 objects)
[2020.10.24-00.18.35:410][  1]LogCollectionManager: Fixed up redirectors for 0 collections in 0.000074 seconds (updated 0 objects)
[2020.10.24-00.18.39:496][ 13]LogSlate: Took 0.066981 seconds to synchronously load lazily loaded font '../../../Engine/Content/Slate/Fonts/Roboto-Light.ttf' (159K)
[2020.10.24-00.19.10:205][874]LogSlate: Took 0.000198 seconds to synchronously load lazily loaded font '../../../Engine/Content/Slate/Fonts/Roboto-Light.ttf' (159K)
[2020.10.24-00.19.10:318][874]LogFactory: FactoryCreateFile: StaticMesh with FbxFactory (0 0 C:\Users\crist\OneDrive\Escritorio\Flecha\flecha.fbx)
[2020.10.24-00.19.10:482][874]LogFbx: ItemName: GlobalSettings, ItemCount : 1
[2020.10.24-00.19.10:482][874]LogFbx: ItemName: AnimationStack, ItemCount : 1
[2020.10.24-00.19.10:482][874]LogFbx: ItemName: AnimationLayer, ItemCount : 1
[2020.10.24-00.19.10:482][874]LogFbx: ItemName: NodeAttribute, ItemCount : 4
[2020.10.24-00.19.10:482][874]LogFbx: ItemName: Model, ItemCount : 5
[2020.10.24-00.19.10:482][874]LogFbx: ItemName: Geometry, ItemCount : 1
[2020.10.24-00.19.10:482][874]LogFbx: ItemName: Material, ItemCount : 1
[2020.10.24-00.19.10:510][874]LogFbx: Loading FBX Scene from C:\Users\crist\OneDrive\Escritorio\Flecha\flecha.fbx
[2020.10.24-00.19.10:549][874]LogFbx: FBX Scene Loaded Succesfully
[2020.10.24-00.19.12:599][874]LogFbx: Loading FBX Scene from C:\Users\crist\OneDrive\Escritorio\Flecha\flecha.fbx
[2020.10.24-00.19.12:606][874]LogFbx: FBX Scene Loaded Succesfully
[2020.10.24-00.19.12:623][874]LogLinker: No puede encontrar el archivo '/Game/3DModels/Flecha/Blanco'
[2020.10.24-00.19.12:623][874]LogLinker: No puede encontrar el archivo '/Game/3DModels/Flecha/Blanco'
[2020.10.24-00.19.12:803][874]LogMaterial: Missing cached shader map for material Blanco, compiling. 
[2020.10.24-00.19.12:933][874]LogFbx: Warning: Triangulating static mesh pCube5
[2020.10.24-00.19.13:004][874]LogStaticMesh: Generando la malla estática flecha...
[2020.10.24-00.19.13:056][874]LogStaticMesh: Built static mesh [0.05s] /Game/3DModels/Flecha/flecha.flecha
[2020.10.24-00.19.13:219][874]FBXImport: Warning: No smoothing group information was found in this FBX scene.  Please make sure to enable the 'Export Smoothing Groups' option in the FBX Exporter plug-in before exporting the file.  Even for tools that don't support smoothing groups, the FBX Exporter will generate appropriate smoothing data at export-time so that correct vertex normals can be inferred while importing. 
[2020.10.24-00.19.13:219][874]FBXImport: Warning: Warning: The imported mesh is very small. This is most likely an issue with the units used when exporting to FBX. 
[2020.10.24-00.19.17:648][ 72]LogSlate: Took 0.000266 seconds to synchronously load lazily loaded font '../../../Engine/Content/Slate/Fonts/Roboto-Regular.ttf' (155K)
[2020.10.24-00.19.18:742][ 72]LogRenderer: Reallocating scene render targets to support 1144x708 Format 10 NumSamples 1 (Frame:1).
[2020.10.24-00.19.43:459][500]LogStaticMesh: Generando la malla estática flecha...
[2020.10.24-00.19.43:460][500]LogStaticMesh: Built static mesh [0.00s] /Game/3DModels/Flecha/flecha.flecha
[2020.10.24-00.19.52:899][ 59]LogStaticMesh: Generando la malla estática flecha...
[2020.10.24-00.19.52:902][ 59]LogStaticMesh: Built static mesh [0.00s] /Game/3DModels/Flecha/flecha.flecha
[2020.10.24-00.20.10:640][632]Cmd: OBJ SAVEPACKAGE PACKAGE="/Game/3DModels/Flecha/flecha" FILE="../../../../../../Users/crist/OneDrive/Escritorio/repositorios/Museo/MuseoVirtualUdeM/Content/3DModels/Flecha/flecha.uasset" SILENT=true
[2020.10.24-00.20.10:723][632]LogSavePackage: Save=55.85ms
[2020.10.24-00.20.10:723][632]LogSavePackage: Moving '../../../../../../Users/crist/OneDrive/Escritorio/repositorios/Museo/MuseoVirtualUdeM/Saved/flecha00450DC747AE6C9033306582BA6844B3.tmp' to '../../../../../../Users/crist/OneDrive/Escritorio/repositorios/Museo/MuseoVirtualUdeM/Content/3DModels/Flecha/flecha.uasset'
[2020.10.24-00.20.10:729][632]LogSavePackage: Display: Finished SavePackage ../../../../../../Users/crist/OneDrive/Escritorio/repositorios/Museo/MuseoVirtualUdeM/Content/3DModels/Flecha/flecha.uasset
[2020.10.24-00.20.28:344][871]LogSavePackage: Save=325.08ms
[2020.10.24-00.20.28:344][871]LogSavePackage: Moving '../../../../../../Users/crist/OneDrive/Escritorio/repositorios/Museo/MuseoVirtualUdeM/Saved/Game890287CD42819E77C91323BBA43C298B.tmp' to '../../../../../../Users/crist/OneDrive/Escritorio/repositorios/Museo/MuseoVirtualUdeM/Content/Scenes/Game.umap'
[2020.10.24-00.20.28:367][871]LogSavePackage: Display: Finished SavePackage ../../../../../../Users/crist/OneDrive/Escritorio/repositorios/Museo/MuseoVirtualUdeM/Content/Scenes/Game.umap
[2020.10.24-00.20.28:428][871]Cmd: OBJ SAVEPACKAGE PACKAGE="/Game/Scenes/Game_BuiltData" FILE="../../../../../../Users/crist/OneDrive/Escritorio/repositorios/Museo/MuseoVirtualUdeM/Content/Scenes/Game_BuiltData.uasset" SILENT=true
[2020.10.24-00.20.28:496][871]LogSavePackage: Save=21.04ms
[2020.10.24-00.20.28:496][871]LogSavePackage: Moving '../../../../../../Users/crist/OneDrive/Escritorio/repositorios/Museo/MuseoVirtualUdeM/Saved/Game_BuiltData93BC8CA143282338D7A1D99819E56AEB.tmp' to '../../../../../../Users/crist/OneDrive/Escritorio/repositorios/Museo/MuseoVirtualUdeM/Content/Scenes/Game_BuiltData.uasset'
[2020.10.24-00.20.28:512][871]LogSavePackage: Display: Finished SavePackage ../../../../../../Users/crist/OneDrive/Escritorio/repositorios/Museo/MuseoVirtualUdeM/Content/Scenes/Game_BuiltData.uasset
[2020.10.24-00.20.51:333][ 43]Cmd: OBJ SAVEPACKAGE PACKAGE="/Game/3DModels/Flecha/Blanco" FILE="../../../../../../Users/crist/OneDrive/Escritorio/repositorios/Museo/MuseoVirtualUdeM/Content/3DModels/Flecha/Blanco.uasset" SILENT=true
[2020.10.24-00.20.51:347][ 43]LogSavePackage: Save=11.25ms
[2020.10.24-00.20.51:347][ 43]LogSavePackage: Moving '../../../../../../Users/crist/OneDrive/Escritorio/repositorios/Museo/MuseoVirtualUdeM/Saved/BlancoC4A36989493519FD3BA75CB5A9826233.tmp' to '../../../../../../Users/crist/OneDrive/Escritorio/repositorios/Museo/MuseoVirtualUdeM/Content/3DModels/Flecha/Blanco.uasset'
[2020.10.24-00.20.51:351][ 43]LogSavePackage: Display: Finished SavePackage ../../../../../../Users/crist/OneDrive/Escritorio/repositorios/Museo/MuseoVirtualUdeM/Content/3DModels/Flecha/Blanco.uasset
[2020.10.24-00.20.51:468][ 43]LogWindowsTextInputMethodSystem: Display: IME system now deactivated.
[2020.10.24-00.20.51:721][ 44]Cmd: QUIT_EDITOR
[2020.10.24-00.20.51:762][ 44]LogExit: Preparing to exit.
[2020.10.24-00.20.52:671][ 44]LogDirectoryWatcher: A directory notification for 'C:/Users/crist/OneDrive/Escritorio/repositorios/Museo/MuseoVirtualUdeM/Content/' was aborted.
[2020.10.24-00.20.52:716][ 44]LogExit: Editor shut down
[2020.10.24-00.20.52:720][ 44]LogExit: Transaction tracking system shut down
[2020.10.24-00.20.52:883][ 44]LogDirectoryWatcher: A directory notification for '../../../Engine/Content/' was aborted.
[2020.10.24-00.20.52:883][ 44]LogDirectoryWatcher: A directory notification for '../../../../../../Users/crist/OneDrive/Escritorio/repositorios/Museo/MuseoVirtualUdeM/Content/' was aborted.
[2020.10.24-00.20.52:883][ 44]LogDirectoryWatcher: A directory notification for '../../../Engine/Plugins/2D/Paper2D/Content/' was aborted.
[2020.10.24-00.20.52:883][ 44]LogDirectoryWatcher: A directory notification for '../../../Engine/Plugins/Marketplace/GameSparks/Content/' was aborted.
[2020.10.24-00.20.52:883][ 44]LogDirectoryWatcher: A directory notification for '../../../Engine/Plugins/Media/MediaCompositing/Content/' was aborted.
[2020.10.24-00.20.52:883][ 44]LogDirectoryWatcher: A directory notification for '../../../Engine/Plugins/Runtime/AppleARKit/Content/' was aborted.
[2020.10.24-00.20.52:883][ 44]LogDirectoryWatcher: A directory notification for '../../../Engine/Plugins/Runtime/Oculus/OculusVR/Content/' was aborted.
[2020.10.24-00.20.52:883][ 44]LogDirectoryWatcher: A directory notification for '../../../Engine/Plugins/Runtime/Steam/SteamVR/Content/' was aborted.
[2020.10.24-00.20.53:004][ 44]LogExit: Object subsystem successfully closed.
[2020.10.24-00.20.53:031][ 44]LogD3D11RHI: Shutdown
[2020.10.24-00.20.53:031][ 44]LogD3D11RHI: CleanupD3DDevice
[2020.10.24-00.20.53:036][ 44]LogD3D11RHI: ~FD3D11DynamicRHI
[2020.10.24-00.20.53:079][ 44]LogModuleManager: Shutting down and abandoning module StaticMeshEditor (554)
[2020.10.24-00.20.53:079][ 44]LogModuleManager: Shutting down and abandoning module HierarchicalLODOutliner (552)
[2020.10.24-00.20.53:080][ 44]LogModuleManager: Shutting down and abandoning module SceneOutliner (550)
[2020.10.24-00.20.53:080][ 44]LogModuleManager: Shutting down and abandoning module AddContentDialog (548)
[2020.10.24-00.20.53:080][ 44]LogDirectoryWatcher: A directory notification for 'C:/Program Files/Epic Games/UE_4.18/FeaturePacks/' was aborted.
[2020.10.24-00.20.53:081][ 44]LogModuleManager: Shutting down and abandoning module WidgetCarousel (547)
[2020.10.24-00.20.53:081][ 44]LogModuleManager: Shutting down and abandoning module EditorWidgets (544)
[2020.10.24-00.20.53:081][ 44]LogModuleManager: Shutting down and abandoning module CollectionManager (542)
[2020.10.24-00.20.53:082][ 44]LogDirectoryWatcher: A directory notification for 'C:/Users/crist/OneDrive/Escritorio/repositorios/Museo/MuseoVirtualUdeM/Content/Collections/' was aborted.
[2020.10.24-00.20.53:082][ 44]LogDirectoryWatcher: A directory notification for 'C:/Users/crist/OneDrive/Escritorio/repositorios/Museo/MuseoVirtualUdeM/Content/Developers/crist/Collections/' was aborted.
[2020.10.24-00.20.53:082][ 44]LogDirectoryWatcher: A directory notification for 'C:/Users/crist/OneDrive/Escritorio/repositorios/Museo/MuseoVirtualUdeM/Saved/Collections/' was aborted.
[2020.10.24-00.20.53:082][ 44]LogModuleManager: Shutting down and abandoning module StatsViewer (540)
[2020.10.24-00.20.53:082][ 44]LogModuleManager: Shutting down and abandoning module FoliageEdit (538)
[2020.10.24-00.20.53:082][ 44]LogModuleManager: Shutting down and abandoning module LandscapeEditor (536)
[2020.10.24-00.20.53:082][ 44]LogModuleManager: Shutting down and abandoning module MeshPaintMode (534)
[2020.10.24-00.20.53:082][ 44]LogModuleManager: Shutting down and abandoning module SceneDepthPickerMode (532)
[2020.10.24-00.20.53:082][ 44]LogModuleManager: Shutting down and abandoning module ActorPickerMode (530)
[2020.10.24-00.20.53:082][ 44]LogModuleManager: Shutting down and abandoning module GeometryMode (528)
[2020.10.24-00.20.53:082][ 44]LogModuleManager: Shutting down and abandoning module TextureAlignMode (526)
[2020.10.24-00.20.53:082][ 44]LogModuleManager: Shutting down and abandoning module BspMode (524)
[2020.10.24-00.20.53:082][ 44]LogModuleManager: Shutting down and abandoning module PIEPreviewDeviceProfileSelector (522)
[2020.10.24-00.20.53:082][ 44]LogModuleManager: Shutting down and abandoning module HardwareSurvey (520)
[2020.10.24-00.20.53:082][ 44]LogModuleManager: Shutting down and abandoning module SequenceRecorderSections (518)
[2020.10.24-00.20.53:082][ 44]LogModuleManager: Shutting down and abandoning module AutomationWorker (516)
[2020.10.24-00.20.53:082][ 44]LogModuleManager: Shutting down and abandoning module MatineeToLevelSequence (514)
[2020.10.24-00.20.53:083][ 44]LogModuleManager: Shutting down and abandoning module LevelSequenceEditor (512)
[2020.10.24-00.20.53:083][ 44]LogModuleManager: Shutting down and abandoning module PlacementMode (511)
[2020.10.24-00.20.53:083][ 44]LogModuleManager: Shutting down and abandoning module WmfMediaFactory (508)
[2020.10.24-00.20.53:083][ 44]LogModuleManager: Shutting down and abandoning module WmfMediaEditor (506)
[2020.10.24-00.20.53:083][ 44]LogModuleManager: Shutting down and abandoning module OpenExrWrapper (504)
[2020.10.24-00.20.53:083][ 44]LogModuleManager: Shutting down and abandoning module ImgMediaFactory (502)
[2020.10.24-00.20.53:083][ 44]LogModuleManager: Shutting down and abandoning module ImgMediaEditor (500)
[2020.10.24-00.20.53:083][ 44]LogModuleManager: Shutting down and abandoning module AvfMediaFactory (498)
[2020.10.24-00.20.53:083][ 44]LogModuleManager: Shutting down and abandoning module AvfMediaEditor (496)
[2020.10.24-00.20.53:083][ 44]LogModuleManager: Shutting down and abandoning module AndroidMediaFactory (494)
[2020.10.24-00.20.53:083][ 44]LogModuleManager: Shutting down and abandoning module AndroidMediaEditor (492)
[2020.10.24-00.20.53:083][ 44]LogModuleManager: Shutting down and abandoning module CharacterAI (490)
[2020.10.24-00.20.53:083][ 44]LogModuleManager: Shutting down and abandoning module AudioCapture (488)
[2020.10.24-00.20.53:083][ 44]LogModuleManager: Shutting down and abandoning module SequenceRecorder (487)
[2020.10.24-00.20.53:083][ 44]LogModuleManager: Shutting down and abandoning module SmartSnapping (484)
[2020.10.24-00.20.53:083][ 44]LogModuleManager: Shutting down and abandoning module SessionServices (482)
[2020.10.24-00.20.53:083][ 44]LogModuleManager: Shutting down and abandoning module ViewportSnapping (480)
[2020.10.24-00.20.53:083][ 44]LogModuleManager: Shutting down and abandoning module ViewportInteraction (478)
[2020.10.24-00.20.53:083][ 44]LogModuleManager: Shutting down and abandoning module ClothPainter (476)
[2020.10.24-00.20.53:083][ 44]LogModuleManager: Shutting down and abandoning module SkeletalMeshEditor (475)
[2020.10.24-00.20.53:083][ 44]LogModuleManager: Shutting down and abandoning module LogVisualizer (472)
[2020.10.24-00.20.53:083][ 44]LogModuleManager: Shutting down and abandoning module IntroTutorials (470)
[2020.10.24-00.20.53:083][ 44]LogModuleManager: Shutting down and abandoning module GameProjectGeneration (469)
[2020.10.24-00.20.53:083][ 44]LogModuleManager: Shutting down and abandoning module IOSPlatformEditor (466)
[2020.10.24-00.20.53:083][ 44]LogModuleManager: Shutting down and abandoning module HTML5PlatformEditor (464)
[2020.10.24-00.20.53:083][ 44]LogModuleManager: Shutting down and abandoning module AndroidPlatformEditor (462)
[2020.10.24-00.20.53:083][ 44]LogModuleManager: Shutting down and abandoning module AndroidDeviceDetection (461)
[2020.10.24-00.20.53:779][ 44]LogModuleManager: Shutting down and abandoning module WindowsPlatformEditor (458)
[2020.10.24-00.20.53:779][ 44]LogModuleManager: Shutting down and abandoning module IOSRuntimeSettings (456)
[2020.10.24-00.20.53:779][ 44]LogModuleManager: Shutting down and abandoning module AndroidRuntimeSettings (454)
[2020.10.24-00.20.53:779][ 44]LogModuleManager: Shutting down and abandoning module InputBindingEditor (452)
[2020.10.24-00.20.53:779][ 44]LogModuleManager: Shutting down and abandoning module MergeActors (450)
[2020.10.24-00.20.53:779][ 44]LogModuleManager: Shutting down and abandoning module SizeMap (448)
[2020.10.24-00.20.53:779][ 44]LogModuleManager: Shutting down and abandoning module TreeMap (446)
[2020.10.24-00.20.53:779][ 44]LogModuleManager: Shutting down and abandoning module ReferenceViewer (444)
[2020.10.24-00.20.53:780][ 44]LogModuleManager: Shutting down and abandoning module LocalizationDashboard (442)
[2020.10.24-00.20.53:780][ 44]LogModuleManager: Shutting down and abandoning module LocalizationService (441)
[2020.10.24-00.20.53:780][ 44]LogModuleManager: Shutting down and abandoning module HardwareTargeting (438)
[2020.10.24-00.20.53:780][ 44]LogModuleManager: Shutting down and abandoning module DeviceProfileEditor (436)
[2020.10.24-00.20.53:780][ 44]LogModuleManager: Shutting down and abandoning module UndoHistory (434)
[2020.10.24-00.20.53:780][ 44]LogModuleManager: Shutting down and abandoning module XmlParser (432)
[2020.10.24-00.20.53:780][ 44]LogModuleManager: Shutting down and abandoning module Blutility (430)
[2020.10.24-00.20.53:780][ 44]LogModuleManager: Shutting down and abandoning module ProjectSettingsViewer (428)
[2020.10.24-00.20.53:780][ 44]LogModuleManager: Shutting down and abandoning module ProjectTargetPlatformEditor (427)
[2020.10.24-00.20.53:780][ 44]LogModuleManager: Shutting down and abandoning module EditorSettingsViewer (424)
[2020.10.24-00.20.53:780][ 44]LogModuleManager: Shutting down and abandoning module SettingsEditor (422)
[2020.10.24-00.20.53:780][ 44]LogModuleManager: Shutting down and abandoning module ProjectLauncher (420)
[2020.10.24-00.20.53:780][ 44]LogModuleManager: Shutting down and abandoning module SessionFrontend (418)
[2020.10.24-00.20.53:780][ 44]LogModuleManager: Shutting down and abandoning module ProfilerClient (416)
[2020.10.24-00.20.53:780][ 44]LogModuleManager: Shutting down and abandoning module DeviceManager (414)
[2020.10.24-00.20.53:780][ 44]LogModuleManager: Shutting down and abandoning module TargetDeviceServices (413)
[2020.10.24-00.20.53:823][ 44]LogModuleManager: Shutting down and abandoning module AutomationController (410)
[2020.10.24-00.20.53:823][ 44]LogModuleManager: Shutting down and abandoning module AutomationWindow (408)
[2020.10.24-00.20.53:823][ 44]LogModuleManager: Shutting down and abandoning module Layers (406)
[2020.10.24-00.20.53:823][ 44]LogModuleManager: Shutting down and abandoning module ComponentVisualizers (404)
[2020.10.24-00.20.53:823][ 44]LogModuleManager: Shutting down and abandoning module DetailCustomizations (402)
[2020.10.24-00.20.53:823][ 44]LogModuleManager: Shutting down and abandoning module PackagesDialog (400)
[2020.10.24-00.20.53:824][ 44]LogModuleManager: Shutting down and abandoning module Persona (398)
[2020.10.24-00.20.53:824][ 44]LogModuleManager: Shutting down and abandoning module AdvancedPreviewScene (397)
[2020.10.24-00.20.53:824][ 44]LogModuleManager: Shutting down and abandoning module AnimGraph (395)
[2020.10.24-00.20.53:824][ 44]LogModuleManager: Shutting down and abandoning module Kismet (392)
[2020.10.24-00.20.53:827][ 44]LogModuleManager: Shutting down and abandoning module ClassViewer (390)
[2020.10.24-00.20.53:827][ 44]LogModuleManager: Shutting down and abandoning module Toolbox (388)
[2020.10.24-00.20.53:827][ 44]LogModuleManager: Shutting down and abandoning module ModuleUI (386)
[2020.10.24-00.20.53:827][ 44]LogModuleManager: Shutting down and abandoning module MovieSceneTools (384)
[2020.10.24-00.20.53:827][ 44]LogModuleManager: Shutting down and abandoning module OutputLog (382)
[2020.10.24-00.20.53:827][ 44]LogModuleManager: Shutting down and abandoning module GammaUI (380)
[2020.10.24-00.20.53:827][ 44]LogModuleManager: Shutting down and abandoning module Documentation (378)
[2020.10.24-00.20.53:827][ 44]LogModuleManager: Shutting down and abandoning module MovieSceneTracks (376)
[2020.10.24-00.20.53:827][ 44]LogModuleManager: Shutting down and abandoning module MovieScene (374)
[2020.10.24-00.20.53:827][ 44]LogModuleManager: Shutting down and abandoning module StreamingPauseRendering (372)
[2020.10.24-00.20.53:827][ 44]LogModuleManager: Shutting down and abandoning module LauncherPlatform (370)
[2020.10.24-00.20.53:827][ 44]LogModuleManager: Shutting down and abandoning module AnalyticsET (368)
[2020.10.24-00.20.53:827][ 44]LogModuleManager: Shutting down and abandoning module PortalServices (366)
[2020.10.24-00.20.53:827][ 44]LogModuleManager: Shutting down and abandoning module PortalRpc (364)
[2020.10.24-00.20.53:827][ 44]LogModuleManager: Shutting down and abandoning module MessagingRpc (362)
[2020.10.24-00.20.53:827][ 44]LogModuleManager: Shutting down and abandoning module AIModule (360)
[2020.10.24-00.20.53:827][ 44]LogModuleManager: Shutting down and abandoning module GameplayDebugger (359)
[2020.10.24-00.20.53:827][ 44]LogModuleManager: Shutting down and abandoning module AITestSuite (357)
[2020.10.24-00.20.53:828][ 44]LogModuleManager: Shutting down and abandoning module DesktopPlatform (354)
[2020.10.24-00.20.53:828][ 44]LogModuleManager: Shutting down and abandoning module ProfilerService (352)
[2020.10.24-00.20.53:997][ 44]LogModuleManager: Shutting down and abandoning module TaskGraph (350)
[2020.10.24-00.20.53:997][ 44]LogModuleManager: Shutting down and abandoning module SteamVRController (348)
[2020.10.24-00.20.53:997][ 44]LogModuleManager: Shutting down and abandoning module ProceduralMeshComponentEditor (346)
[2020.10.24-00.20.53:997][ 44]LogModuleManager: Shutting down and abandoning module ProceduralMeshComponent (344)
[2020.10.24-00.20.53:997][ 44]LogModuleManager: Shutting down and abandoning module OculusInput (342)
[2020.10.24-00.20.53:997][ 44]LogModuleManager: Shutting down and abandoning module MobilePatchingUtils (340)
[2020.10.24-00.20.53:997][ 44]LogModuleManager: Shutting down and abandoning module CustomMeshComponent (338)
[2020.10.24-00.20.53:997][ 44]LogModuleManager: Shutting down and abandoning module CableComponent (336)
[2020.10.24-00.20.53:997][ 44]LogModuleManager: Shutting down and abandoning module ArchVisCharacter (334)
[2020.10.24-00.20.53:997][ 44]LogModuleManager: Shutting down and abandoning module AndroidPermission (332)
[2020.10.24-00.20.53:997][ 44]LogModuleManager: Shutting down and abandoning module ActorSequence (328)
[2020.10.24-00.20.53:997][ 44]LogModuleManager: Shutting down and abandoning module MediaPlayerEditor (326)
[2020.10.24-00.20.53:998][ 44]LogModuleManager: Shutting down and abandoning module MediaCompositingEditor (324)
[2020.10.24-00.20.53:998][ 44]LogModuleManager: Shutting down and abandoning module MediaCompositing (322)
[2020.10.24-00.20.53:998][ 44]LogModuleManager: Shutting down and abandoning module HTML5Networking (318)
[2020.10.24-00.20.53:998][ 44]LogModuleManager: Shutting down and abandoning module AlembicImporter (316)
[2020.10.24-00.20.53:998][ 44]LogModuleManager: Shutting down and abandoning module AlembicLibrary (315)
[2020.10.24-00.20.53:998][ 44]LogModuleManager: Shutting down and abandoning module GeometryCache (314)
[2020.10.24-00.20.53:998][ 44]LogModuleManager: Shutting down and abandoning module GeometryCacheEd (313)
[2020.10.24-00.20.53:998][ 44]LogModuleManager: Shutting down and abandoning module SpeedTreeImporter (308)
[2020.10.24-00.20.53:998][ 44]LogModuleManager: Shutting down and abandoning module PluginBrowser (306)
[2020.10.24-00.20.53:998][ 44]LogModuleManager: Shutting down and abandoning module MobileLauncherProfileWizard (304)
[2020.10.24-00.20.53:998][ 44]LogModuleManager: Shutting down and abandoning module VisualStudioSourceCodeAccess (302)
[2020.10.24-00.20.53:998][ 44]LogModuleManager: Shutting down and abandoning module VisualStudioCodeSourceCodeAccess (300)
[2020.10.24-00.20.53:998][ 44]LogModuleManager: Shutting down and abandoning module UObjectPlugin (298)
[2020.10.24-00.20.53:998][ 44]LogModuleManager: Shutting down and abandoning module SubversionSourceControl (296)
[2020.10.24-00.20.53:998][ 44]LogModuleManager: Shutting down and abandoning module PerforceSourceControl (294)
[2020.10.24-00.20.53:998][ 44]LogModuleManager: Shutting down and abandoning module GitSourceControl (292)
[2020.10.24-00.20.53:998][ 44]LogModuleManager: Shutting down and abandoning module SourceControl (291)
[2020.10.24-00.20.53:998][ 44]LogModuleManager: Shutting down and abandoning module LightPropagationVolumeEditor (288)
[2020.10.24-00.20.53:998][ 44]LogModuleManager: Shutting down and abandoning module PaperTiledImporter (286)
[2020.10.24-00.20.53:998][ 44]LogModuleManager: Shutting down and abandoning module PaperSpriteSheetImporter (284)
[2020.10.24-00.20.53:998][ 44]LogModuleManager: Shutting down and abandoning module Paper2DEditor (282)
[2020.10.24-00.20.53:998][ 44]LogModuleManager: Shutting down and abandoning module MeshPaint (281)
[2020.10.24-00.20.53:998][ 44]LogModuleManager: Shutting down and abandoning module LevelEditor (279)
[2020.10.24-00.20.53:999][ 44]LogModuleManager: Shutting down and abandoning module PixelInspectorModule (278)
[2020.10.24-00.20.53:999][ 44]LogModuleManager: Shutting down and abandoning module MainFrame (276)
[2020.10.24-00.20.53:999][ 44]LogModuleManager: Shutting down and abandoning module HotReload (275)
[2020.10.24-00.20.54:000][ 44]LogModuleManager: Shutting down and abandoning module RuntimePhysXCooking (270)
[2020.10.24-00.20.54:000][ 44]LogModuleManager: Shutting down and abandoning module PhysXVehiclesEditor (268)
[2020.10.24-00.20.54:000][ 44]LogModuleManager: Shutting down and abandoning module PhysXVehicles (266)
[2020.10.24-00.20.54:000][ 44]LogModuleManager: Shutting down and abandoning module OculusEditor (264)
[2020.10.24-00.20.54:000][ 44]LogModuleManager: Shutting down and abandoning module LocationServicesBPLibrary (262)
[2020.10.24-00.20.54:000][ 44]LogModuleManager: Shutting down and abandoning module ImmediatePhysicsEditor (260)
[2020.10.24-00.20.54:000][ 44]LogModuleManager: Shutting down and abandoning module ImmediatePhysics (258)
[2020.10.24-00.20.54:000][ 44]LogModuleManager: Shutting down and abandoning module UdpMessaging (256)
[2020.10.24-00.20.54:101][ 44]LogModuleManager: Shutting down and abandoning module TcpMessaging (254)
[2020.10.24-00.20.54:201][ 44]LogModuleManager: Shutting down and abandoning module GameSparks (252)
[2020.10.24-00.20.54:201][ 44]LogModuleManager: Shutting down and abandoning module GameplayTagsEditor (250)
[2020.10.24-00.20.54:202][ 44]LogModuleManager: Shutting down and abandoning module FacialAnimationEditor (248)
[2020.10.24-00.20.54:202][ 44]LogModuleManager: Shutting down and abandoning module FacialAnimation (246)
[2020.10.24-00.20.54:202][ 44]LogModuleManager: Shutting down and abandoning module AssetManagerEditor (244)
[2020.10.24-00.20.54:202][ 44]LogModuleManager: Shutting down and abandoning module GraphEditor (243)
[2020.10.24-00.20.54:202][ 44]LogModuleManager: Shutting down and abandoning module ContentBrowser (241)
[2020.10.24-00.20.54:204][ 44]LogModuleManager: Shutting down and abandoning module LightPropagationVolumeRuntime (238)
[2020.10.24-00.20.54:204][ 44]LogModuleManager: Shutting down and abandoning module Paper2D (236)
[2020.10.24-00.20.54:204][ 44]LogModuleManager: Shutting down and abandoning module WindowsMoviePlayer (234)
[2020.10.24-00.20.54:204][ 44]LogModuleManager: Shutting down and abandoning module WmfMedia (232)
[2020.10.24-00.20.54:207][ 44]LogModuleManager: Shutting down and abandoning module ImgMedia (230)
[2020.10.24-00.20.54:207][ 44]LogModuleManager: Shutting down and abandoning module PacketHandler (228)
[2020.10.24-00.20.54:207][ 44]LogModuleManager: Shutting down and abandoning module ClothingSystemEditor (226)
[2020.10.24-00.20.54:207][ 44]LogModuleManager: Shutting down and abandoning module ClothingSystemRuntime (224)
[2020.10.24-00.20.54:207][ 44]LogModuleManager: Shutting down and abandoning module MediaAssets (222)
[2020.10.24-00.20.54:207][ 44]LogModuleManager: Shutting down and abandoning module Media (221)
[2020.10.24-00.20.54:214][ 44]LogModuleManager: Shutting down and abandoning module Overlay (218)
[2020.10.24-00.20.54:214][ 44]LogModuleManager: Shutting down and abandoning module OverlayEditor (217)
[2020.10.24-00.20.54:214][ 44]LogModuleManager: Shutting down and abandoning module VREditor (214)
[2020.10.24-00.20.54:214][ 44]LogModuleManager: Shutting down and abandoning module StringTableEditor (212)
[2020.10.24-00.20.54:214][ 44]LogModuleManager: Shutting down and abandoning module GameplayTasksEditor (210)
[2020.10.24-00.20.54:214][ 44]LogModuleManager: Shutting down and abandoning module BehaviorTreeEditor (208)
[2020.10.24-00.20.54:214][ 44]LogModuleManager: Shutting down and abandoning module FunctionalTesting (206)
[2020.10.24-00.20.54:214][ 44]LogModuleManager: Shutting down and abandoning module CollisionAnalyzer (204)
[2020.10.24-00.20.54:214][ 44]LogModuleManager: Shutting down and abandoning module WorkspaceMenuStructure (203)
[2020.10.24-00.20.54:214][ 44]LogModuleManager: Shutting down and abandoning module UMG (200)
[2020.10.24-00.20.54:214][ 44]LogModuleManager: Shutting down and abandoning module UMGEditor (199)
[2020.10.24-00.20.54:214][ 44]LogModuleManager: Shutting down and abandoning module Sequencer (198)
[2020.10.24-00.20.54:214][ 44]LogModuleManager: Shutting down and abandoning module MessageLog (195)
[2020.10.24-00.20.54:214][ 44]LogModuleManager: Shutting down and abandoning module SlateReflector (190)
[2020.10.24-00.20.54:214][ 44]LogModuleManager: Shutting down and abandoning module Slate (188)
[2020.10.24-00.20.54:214][ 44]LogModuleManager: Shutting down and abandoning module EditorStyle (186)
[2020.10.24-00.20.54:217][ 44]LogModuleManager: Shutting down and abandoning module MRMesh (184)
[2020.10.24-00.20.54:218][ 44]LogModuleManager: Shutting down and abandoning module SourceCodeAccess (182)
[2020.10.24-00.20.54:218][ 44]LogModuleManager: Shutting down and abandoning module HeadMountedDisplay (180)
[2020.10.24-00.20.54:218][ 44]LogModuleManager: Shutting down and abandoning module XAudio2 (178)
[2020.10.24-00.20.54:218][ 44]LogModuleManager: Shutting down and abandoning module Networking (176)
[2020.10.24-00.20.54:218][ 44]LogModuleManager: Shutting down and abandoning module Core (172)
[2020.10.24-00.20.54:218][ 44]LogModuleManager: Shutting down and abandoning module LevelSequence (168)
[2020.10.24-00.20.54:218][ 44]LogModuleManager: Shutting down and abandoning module DirectoryWatcher (166)
[2020.10.24-00.20.54:218][ 44]LogModuleManager: Shutting down and abandoning module KismetCompiler (164)
[2020.10.24-00.20.54:218][ 44]LogModuleManager: Shutting down and abandoning module MeshUtilities (162)
[2020.10.24-00.20.54:218][ 44]LogModuleManager: Shutting down and abandoning module MeshMergeUtilities (161)
[2020.10.24-00.20.54:218][ 44]LogModuleManager: Shutting down and abandoning module MeshReductionInterface (160)
[2020.10.24-00.20.54:218][ 44]LogModuleManager: Shutting down and abandoning module SimplygonSwarm (159)
[2020.10.24-00.20.54:219][ 44]LogModuleManager: Shutting down and abandoning module SimplygonMeshReduction (157)
[2020.10.24-00.20.54:219][ 44]LogModuleManager: Shutting down and abandoning module QuadricMeshReduction (155)
[2020.10.24-00.20.54:219][ 44]LogModuleManager: Shutting down and abandoning module MaterialBaking (151)
[2020.10.24-00.20.54:219][ 44]LogModuleManager: Shutting down and abandoning module DerivedDataCache (148)
[2020.10.24-00.20.54:279][ 44]LogDerivedDataCache: Shutdown
[2020.10.24-00.20.54:279][ 44]LogModuleManager: Shutting down and abandoning module TargetPlatform (146)
[2020.10.24-00.20.54:279][ 44]LogModuleManager: Shutting down and abandoning module VulkanShaderFormat (145)
[2020.10.24-00.20.54:279][ 44]LogModuleManager: Shutting down and abandoning module ShaderFormatVectorVM (143)
[2020.10.24-00.20.54:279][ 44]LogModuleManager: Shutting down and abandoning module ShaderFormatOpenGL (141)
[2020.10.24-00.20.54:279][ 44]LogModuleManager: Shutting down and abandoning module ShaderFormatD3D (139)
[2020.10.24-00.20.54:279][ 44]LogModuleManager: Shutting down and abandoning module MetalShaderFormat (137)
[2020.10.24-00.20.54:279][ 44]LogModuleManager: Shutting down and abandoning module TextureFormatUncompressed (135)
[2020.10.24-00.20.54:279][ 44]LogModuleManager: Shutting down and abandoning module TextureFormatPVR (133)
[2020.10.24-00.20.54:279][ 44]LogModuleManager: Shutting down and abandoning module TextureFormatDXT (131)
[2020.10.24-00.20.54:279][ 44]LogModuleManager: Shutting down and abandoning module TextureFormatIntelISPCTexComp (129)
[2020.10.24-00.20.54:279][ 44]LogModuleManager: Shutting down and abandoning module TextureFormatASTC (127)
[2020.10.24-00.20.54:279][ 44]LogModuleManager: Shutting down and abandoning module ImageWrapper (126)
[2020.10.24-00.20.54:279][ 44]LogModuleManager: Shutting down and abandoning module TextureFormatAndroid (123)
[2020.10.24-00.20.54:279][ 44]LogModuleManager: Shutting down and abandoning module AudioFormatOpus (121)
[2020.10.24-00.20.54:279][ 44]LogModuleManager: Shutting down and abandoning module AudioFormatOgg (119)
[2020.10.24-00.20.54:279][ 44]LogModuleManager: Shutting down and abandoning module AudioFormatADPCM (117)
[2020.10.24-00.20.54:279][ 44]LogModuleManager: Shutting down and abandoning module LinuxTargetPlatform (115)
[2020.10.24-00.20.54:279][ 44]LogModuleManager: Shutting down and abandoning module LinuxServerTargetPlatform (113)
[2020.10.24-00.20.54:279][ 44]LogModuleManager: Shutting down and abandoning module LinuxNoEditorTargetPlatform (111)
[2020.10.24-00.20.54:279][ 44]LogModuleManager: Shutting down and abandoning module LinuxClientTargetPlatform (109)
[2020.10.24-00.20.54:279][ 44]LogModuleManager: Shutting down and abandoning module TVOSTargetPlatform (107)
[2020.10.24-00.20.54:279][ 44]LogModuleManager: Shutting down and abandoning module Messaging (105)
[2020.10.24-00.20.54:279][ 44]LogModuleManager: Shutting down and abandoning module IOSTargetPlatform (103)
[2020.10.24-00.20.54:280][ 44]LogModuleManager: Shutting down and abandoning module HTML5TargetPlatform (101)
[2020.10.24-00.20.54:280][ 44]LogModuleManager: Shutting down and abandoning module AndroidTargetPlatform (99)
[2020.10.24-00.20.54:280][ 44]LogModuleManager: Shutting down and abandoning module Android_PVRTCTargetPlatform (97)
[2020.10.24-00.20.54:280][ 44]LogModuleManager: Shutting down and abandoning module Android_MultiTargetPlatform (95)
[2020.10.24-00.20.54:280][ 44]LogModuleManager: Shutting down and abandoning module Android_ETC2TargetPlatform (93)
[2020.10.24-00.20.54:280][ 44]LogModuleManager: Shutting down and abandoning module Android_ETC1TargetPlatform (91)
[2020.10.24-00.20.54:280][ 44]LogModuleManager: Shutting down and abandoning module Android_DXTTargetPlatform (89)
[2020.10.24-00.20.54:280][ 44]LogModuleManager: Shutting down and abandoning module Android_ATCTargetPlatform (87)
[2020.10.24-00.20.54:280][ 44]LogModuleManager: Shutting down and abandoning module Android_ASTCTargetPlatform (85)
[2020.10.24-00.20.54:280][ 44]LogModuleManager: Shutting down and abandoning module WindowsTargetPlatform (83)
[2020.10.24-00.20.54:280][ 44]LogModuleManager: Shutting down and abandoning module WindowsServerTargetPlatform (81)
[2020.10.24-00.20.54:280][ 44]LogModuleManager: Shutting down and abandoning module WindowsNoEditorTargetPlatform (79)
[2020.10.24-00.20.54:280][ 44]LogModuleManager: Shutting down and abandoning module WindowsClientTargetPlatform (77)
[2020.10.24-00.20.54:280][ 44]LogModuleManager: Shutting down and abandoning module MacTargetPlatform (75)
[2020.10.24-00.20.54:280][ 44]LogModuleManager: Shutting down and abandoning module MacServerTargetPlatform (73)
[2020.10.24-00.20.54:280][ 44]LogModuleManager: Shutting down and abandoning module MacNoEditorTargetPlatform (71)
[2020.10.24-00.20.54:280][ 44]LogModuleManager: Shutting down and abandoning module MacClientTargetPlatform (69)
[2020.10.24-00.20.54:280][ 44]LogModuleManager: Shutting down and abandoning module AllDesktopTargetPlatform (67)
[2020.10.24-00.20.54:280][ 44]LogModuleManager: Shutting down and abandoning module InputCore (64)
[2020.10.24-00.20.54:280][ 44]LogModuleManager: Shutting down and abandoning module Settings (62)
[2020.10.24-00.20.54:280][ 44]LogModuleManager: Shutting down and abandoning module PhysXCooking (60)
[2020.10.24-00.20.54:280][ 44]LogModuleManager: Shutting down and abandoning module SteamVR (58)
[2020.10.24-00.20.54:280][ 44]LogModuleManager: Shutting down and abandoning module OculusHMD (56)
[2020.10.24-00.20.54:280][ 44]LogModuleManager: Shutting down and abandoning module ExampleDeviceProfileSelector (54)
[2020.10.24-00.20.54:280][ 44]LogModuleManager: Shutting down and abandoning module AppleARKit (52)
[2020.10.24-00.20.54:280][ 44]LogModuleManager: Shutting down and abandoning module AugmentedReality (51)
[2020.10.24-00.20.54:280][ 44]LogModuleManager: Shutting down and abandoning module OnlineBlueprintSupport (48)
[2020.10.24-00.20.54:280][ 44]LogModuleManager: Shutting down and abandoning module OnlineSubsystem (44)
[2020.10.24-00.20.54:287][ 44]LogModuleManager: Shutting down and abandoning module XMPP (43)
[2020.10.24-00.20.54:288][ 44]LogModuleManager: Shutting down and abandoning module HTTP (41)
[2020.10.24-00.20.54:288][ 44]LogHttp: Display: Http module shutting down, but needs to wait on 1 outstanding Http requests:
[2020.10.24-00.20.54:288][ 44]LogHttp: Display: 	verb=[POST] url=[https://datarouter.ol.epicgames.com/datarouter/api/v1/public/data?SessionID=%7B2F7B98BF-440E-E1C8-EB8D-94BAB15D9BC9%7D&AppID=UEEditor.Rocket.Release&AppVersion=4.18.3-3832480%2B%2B%2BUE4%2BRelease-4.18&UserID=41a214e5437f56f716e84fb7d341aa5a%7Cf199f47330f747318e206e5ff79be176%7Cdf1c97bf-b580-4826-b4bb-78b342930448&AppEnvironment=datacollector-binary&UploadType=eteventstream] status=Processing
[2020.10.24-00.20.54:319][ 44]LogModuleManager: Shutting down and abandoning module SSL (40)
[2020.10.24-00.20.54:320][ 44]LogModuleManager: Shutting down and abandoning module AnimationModifiers (36)
[2020.10.24-00.20.54:320][ 44]LogModuleManager: Shutting down and abandoning module PropertyEditor (35)
[2020.10.24-00.20.54:320][ 44]LogModuleManager: Shutting down and abandoning module AudioEditor (32)
[2020.10.24-00.20.54:320][ 44]LogModuleManager: Shutting down and abandoning module TextureCompressor (30)
[2020.10.24-00.20.54:320][ 44]LogModuleManager: Shutting down and abandoning module ShaderCore (28)
[2020.10.24-00.20.54:320][ 44]LogModuleManager: Shutting down and abandoning module Landscape (26)
[2020.10.24-00.20.54:320][ 44]LogModuleManager: Shutting down and abandoning module SlateRHIRenderer (24)
[2020.10.24-00.20.54:321][ 44]LogModuleManager: Shutting down and abandoning module OpenGLDrv (22)
[2020.10.24-00.20.54:321][ 44]LogModuleManager: Shutting down and abandoning module D3D11RHI (20)
[2020.10.24-00.20.54:321][ 44]LogModuleManager: Shutting down and abandoning module AnimGraphRuntime (18)
[2020.10.24-00.20.54:321][ 44]LogModuleManager: Shutting down and abandoning module Renderer (16)
[2020.10.24-00.20.54:321][ 44]LogModuleManager: Shutting down and abandoning module Engine (14)
[2020.10.24-00.20.54:321][ 44]LogModuleManager: Shutting down and abandoning module CoreUObject (12)
[2020.10.24-00.20.54:321][ 44]LogModuleManager: Shutting down and abandoning module NetworkFile (10)
[2020.10.24-00.20.54:321][ 44]LogModuleManager: Shutting down and abandoning module CookedIterativeFile (8)
[2020.10.24-00.20.54:321][ 44]LogModuleManager: Shutting down and abandoning module StreamingFile (6)
[2020.10.24-00.20.54:321][ 44]LogModuleManager: Shutting down and abandoning module SandboxFile (4)
[2020.10.24-00.20.54:321][ 44]LogModuleManager: Shutting down and abandoning module PakFile (2)
[2020.10.24-00.20.54:327][ 44]LogExit: Exiting.
[2020.10.24-00.20.54:347][ 44]Log file closed, 10/23/20 19:20:54
